0 info it worked if it ends with ok
1 verbose cli [ '/Users/henrik/.nvm/v0.8.11/bin/node',
1 verbose cli   '/Users/henrik/.nvm/v0.8.11/bin/npm',
1 verbose cli   'publish' ]
2 info using npm@1.1.62
3 info using node@v0.8.11
4 verbose publish [ '.' ]
5 verbose read json /Users/henrik/Sites/SimpleWebRTC/package.json
6 verbose cache add [ '.', null ]
7 silly cache add name=undefined spec="." args=[".",null]
8 verbose parsed url { pathname: '.', path: '.', href: '.' }
9 silly lockFile 3a52ce78- .
10 verbose lock . /Users/henrik/.npm/3a52ce78-.lock
11 verbose read json package.json
12 verbose tar pack [ '/var/folders/5x/jcdy8f650lq_4bn1lzknfm7r0000gn/T/npm-7358/1372716389269-0.3806595550850034/tmp.tgz',
12 verbose tar pack   '.' ]
13 verbose tarball /var/folders/5x/jcdy8f650lq_4bn1lzknfm7r0000gn/T/npm-7358/1372716389269-0.3806595550850034/tmp.tgz
14 verbose folder .
15 info prepublish webrtc.js@0.2.0
16 silly lockFile ccef1894-89269-0-3806595550850034-tmp-tgz /var/folders/5x/jcdy8f650lq_4bn1lzknfm7r0000gn/T/npm-7358/1372716389269-0.3806595550850034/tmp.tgz
17 verbose lock /var/folders/5x/jcdy8f650lq_4bn1lzknfm7r0000gn/T/npm-7358/1372716389269-0.3806595550850034/tmp.tgz /Users/henrik/.npm/ccef1894-89269-0-3806595550850034-tmp-tgz.lock
18 silly lockFile ccef1894-89269-0-3806595550850034-tmp-tgz /var/folders/5x/jcdy8f650lq_4bn1lzknfm7r0000gn/T/npm-7358/1372716389269-0.3806595550850034/tmp.tgz
19 verbose tar unpack /var/folders/5x/jcdy8f650lq_4bn1lzknfm7r0000gn/T/npm-7358/1372716389269-0.3806595550850034/tmp.tgz
20 silly lockFile 8eddae0a-89269-0-3806595550850034-package /var/folders/5x/jcdy8f650lq_4bn1lzknfm7r0000gn/T/npm-7358/1372716389269-0.3806595550850034/package
21 verbose lock /var/folders/5x/jcdy8f650lq_4bn1lzknfm7r0000gn/T/npm-7358/1372716389269-0.3806595550850034/package /Users/henrik/.npm/8eddae0a-89269-0-3806595550850034-package.lock
22 silly gunzTarPerm modes [ '755', '644' ]
23 silly gunzTarPerm extractEntry package.json
24 silly gunzTarPerm extractEntry .npmignore
25 silly gunzTarPerm extractEntry README.md
26 silly gunzTarPerm extractEntry LICENSE
27 silly gunzTarPerm extractEntry build.js
28 silly gunzTarPerm extractEntry simplewebrtc.js
29 silly gunzTarPerm extractEntry simplewebrtc.bundle.js
30 silly gunzTarPerm extractEntry latest.js
31 silly gunzTarPerm extractEntry server.js
32 silly gunzTarPerm extractEntry socket.io.js
33 silly gunzTarPerm extractEntry .jshintignore
34 silly gunzTarPerm extractEntry index.html
35 silly gunzTarPerm extractEntry fakekeys/cacert.pem
36 silly gunzTarPerm extractEntry fakekeys/certificate.pem
37 silly gunzTarPerm extractEntry fakekeys/privatekey.pem
38 verbose read json /var/folders/5x/jcdy8f650lq_4bn1lzknfm7r0000gn/T/npm-7358/1372716389269-0.3806595550850034/package/package.json
39 silly lockFile 8eddae0a-89269-0-3806595550850034-package /var/folders/5x/jcdy8f650lq_4bn1lzknfm7r0000gn/T/npm-7358/1372716389269-0.3806595550850034/package
40 verbose from cache /var/folders/5x/jcdy8f650lq_4bn1lzknfm7r0000gn/T/npm-7358/1372716389269-0.3806595550850034/package/package.json
41 verbose tar pack [ '/Users/henrik/.npm/webrtc.js/0.2.0/package.tgz',
41 verbose tar pack   '/var/folders/5x/jcdy8f650lq_4bn1lzknfm7r0000gn/T/npm-7358/1372716389269-0.3806595550850034/package' ]
42 verbose tarball /Users/henrik/.npm/webrtc.js/0.2.0/package.tgz
43 verbose folder /var/folders/5x/jcdy8f650lq_4bn1lzknfm7r0000gn/T/npm-7358/1372716389269-0.3806595550850034/package
44 silly lockFile 6e48b3cb--npm-webrtc-js-0-2-0-package-tgz /Users/henrik/.npm/webrtc.js/0.2.0/package.tgz
45 verbose lock /Users/henrik/.npm/webrtc.js/0.2.0/package.tgz /Users/henrik/.npm/6e48b3cb--npm-webrtc-js-0-2-0-package-tgz.lock
46 silly lockFile 6e48b3cb--npm-webrtc-js-0-2-0-package-tgz /Users/henrik/.npm/webrtc.js/0.2.0/package.tgz
47 silly lockFile b0589777-nrik-npm-webrtc-js-0-2-0-package /Users/henrik/.npm/webrtc.js/0.2.0/package
48 verbose lock /Users/henrik/.npm/webrtc.js/0.2.0/package /Users/henrik/.npm/b0589777-nrik-npm-webrtc-js-0-2-0-package.lock
49 silly lockFile b0589777-nrik-npm-webrtc-js-0-2-0-package /Users/henrik/.npm/webrtc.js/0.2.0/package
50 verbose tar unpack /Users/henrik/.npm/webrtc.js/0.2.0/package.tgz
51 silly lockFile b0589777-nrik-npm-webrtc-js-0-2-0-package /Users/henrik/.npm/webrtc.js/0.2.0/package
52 verbose lock /Users/henrik/.npm/webrtc.js/0.2.0/package /Users/henrik/.npm/b0589777-nrik-npm-webrtc-js-0-2-0-package.lock
53 silly gunzTarPerm modes [ '755', '644' ]
54 silly gunzTarPerm extractEntry package.json
55 silly gunzTarPerm extractEntry .npmignore
56 silly gunzTarPerm extractEntry README.md
57 silly gunzTarPerm extractEntry LICENSE
58 silly gunzTarPerm extractEntry build.js
59 silly gunzTarPerm extractEntry simplewebrtc.js
60 silly gunzTarPerm extractEntry simplewebrtc.bundle.js
61 silly gunzTarPerm extractEntry latest.js
62 silly gunzTarPerm extractEntry server.js
63 silly gunzTarPerm extractEntry socket.io.js
64 silly gunzTarPerm extractEntry index.html
65 silly gunzTarPerm extractEntry fakekeys/cacert.pem
66 silly gunzTarPerm extractEntry fakekeys/certificate.pem
67 silly gunzTarPerm extractEntry fakekeys/privatekey.pem
68 silly gunzTarPerm extractEntry .jshintignore
69 verbose read json /Users/henrik/.npm/webrtc.js/0.2.0/package/package.json
70 silly lockFile b0589777-nrik-npm-webrtc-js-0-2-0-package /Users/henrik/.npm/webrtc.js/0.2.0/package
71 silly shasum updated bytes 40960
72 silly shasum updated bytes 1498
73 info shasum 00c704d48ccb48bf4d6df94e6ec90028e572d28c
73 info shasum /Users/henrik/.npm/webrtc.js/0.2.0/package.tgz
74 verbose from cache /Users/henrik/.npm/webrtc.js/0.2.0/package/package.json
75 verbose chmod /Users/henrik/.npm/webrtc.js/0.2.0/package.tgz 644
76 verbose chown /Users/henrik/.npm/webrtc.js/0.2.0/package.tgz [ 501, 20 ]
77 silly lockFile 3a52ce78- .
78 silly publish { name: 'webrtc.js',
78 silly publish   version: '0.2.0',
78 silly publish   repository:
78 silly publish    { type: 'git',
78 silly publish      url: 'git@github.com:henrikjoreteg/webrtc.js.git' },
78 silly publish   description: 'World\'s easiest webrtc',
78 silly publish   dependencies:
78 silly publish    { webrtcsupport: '0.3.2',
78 silly publish      wildemitter: '0.0.5',
78 silly publish      rtcpeerconnection: '0.2.0',
78 silly publish      getusermedia: '0.1.0',
78 silly publish      getscreenmedia: '0.1.0',
78 silly publish      'socket.io-client': '0.9.16',
78 silly publish      attachmediastream: '0.0.1',
78 silly publish      hark: '0.1.1' },
78 silly publish   devDependencies:
78 silly publish    { express: '3.x.x',
78 silly publish      browserify: '2.22.0',
78 silly publish      request: '',
78 silly publish      'uglify-js': '2.3.6' },
78 silly publish   scripts: { start: 'node server.js' },
78 silly publish   readme: '# SimpleWebRTC - World\'s easiest WebRTC lib\n\nCheck out the demo: https://talky.io\n\n\n## It\'s so easy:\n\n### 1. Some basic html\n\n```html\n<!DOCTYPE html>\n<html>\n    <head>\n        <script src="http://simplewebrtc.com/latest.js"></script> \n    </head>\n    <body>\n        <div id="localVideo"></div>\n        <div id="remotesVideos"></div>\n    </body>\n</html>\n\n```\n\n### 1. Create our WebRTC object\n\n```js\nvar webrtc = new WebRTC({\n    // the id/element dom element that will hold "our" video\n    localVideoEl: \'localVideo\',\n    // the id/element dom element that will hold remote videos\n    remoteVideosEl: \'remotesVideos\',\n    // immediately ask for camera access\n    autoRequestMedia: true\n});\n```\n\n### 2. Tell it to join a room when ready\n\n```js\n// we have to wait until it\'s ready\nwebrtc.on(\'readyToCall\', function () {\n    // you can name it anything\n    webrtc.joinRoom(\'your awesome room name\');\n});\n```\n\n',
78 silly publish   _id: 'webrtc.js@0.2.0',
78 silly publish   dist: { shasum: '00c704d48ccb48bf4d6df94e6ec90028e572d28c' } }
79 verbose url raw webrtc.js
80 verbose url resolving [ 'https://registry.npmjs.org/', './webrtc.js' ]
81 verbose url resolved https://registry.npmjs.org/webrtc.js
82 info trying registry request attempt 1 at 15:06:29
83 http PUT https://registry.npmjs.org/webrtc.js
84 http 409 https://registry.npmjs.org/webrtc.js
85 verbose url raw webrtc.js
86 verbose url resolving [ 'https://registry.npmjs.org/', './webrtc.js' ]
87 verbose url resolved https://registry.npmjs.org/webrtc.js
88 info trying registry request attempt 1 at 15:06:31
89 http GET https://registry.npmjs.org/webrtc.js
90 http 200 https://registry.npmjs.org/webrtc.js
91 error publish fail Cannot publish over existing version.
91 error publish fail Bump the 'version' field, set the --force flag, or
91 error publish fail     npm unpublish 'webrtc.js@0.2.0'
91 error publish fail and try again
92 error System Darwin 12.4.0
93 error command "/Users/henrik/.nvm/v0.8.11/bin/node" "/Users/henrik/.nvm/v0.8.11/bin/npm" "publish"
94 error cwd /Users/henrik/Sites/SimpleWebRTC
95 error node -v v0.8.11
96 error npm -v 1.1.62
97 error code EPUBLISHCONFLICT
98 verbose exit [ 1, true ]
